<?xml version="1.0" encoding="UTF-8"?>
<!-- Generated by org.testng.reporters.JUnitXMLReporter -->
<testsuite ignored="0" hostname="LAPTOP-7UOI14JD" failures="0" tests="3" name="projecttest" time="68.893" errors="0" timestamp="2022-10-18T20:09:02 IST">
  <testcase classname="pack1.PopItemstest" name="laptopTest" time="13.212"/>
  <testcase classname="pack1.PopItemstest" name="spktest" time="12.749"/>
  <testcase classname="pack1.PopItemstest" name="tabletest" time="11.9"/>
</testsuite> <!-- projecttest -->
